<?xml version="1.0" encoding="UTF-8"?>
<!-- Generated by org.testng.reporters.JUnitReportReporter -->
<testsuite hostname="Deepaks-MacBook-Pro.local" failures="0" tests="2" name="com.bidding.system.Bidding.System.service.BiddingSystemServiceImplTest" time="0.995" errors="0" timestamp="22 Sep 2020 12:40:39 GMT">
  <testcase classname="com.bidding.system.Bidding.System.service.BiddingSystemServiceImplTest" name="placeBidSuccessfully" time="0.948"/>
  <testcase classname="com.bidding.system.Bidding.System.service.BiddingSystemServiceImplTest" name="getRunningAuctionsSuccessfully" time="0.047"/>
</testsuite> <!-- com.bidding.system.Bidding.System.service.BiddingSystemServiceImplTest -->
