<?xml version="1.0" encoding="UTF-8"?>
<!-- Generated by org.testng.reporters.JUnitReportReporter -->
<testsuite hostname="Deepaks-MacBook-Pro.local" failures="0" tests="2" name="com.bidding.system.Bidding.System.controller.BiddingSystemTest" time="0.669" errors="0" timestamp="21 Sep 2020 19:40:09 GMT">
  <testcase classname="com.bidding.system.Bidding.System.controller.BiddingSystemTest" name="placeBidsSuccessfully" time="0.538"/>
  <testcase classname="com.bidding.system.Bidding.System.controller.BiddingSystemTest" name="getRunningAuctionsSuccessfully" time="0.131"/>
</testsuite> <!-- com.bidding.system.Bidding.System.controller.BiddingSystemTest -->
